<?xml version="1.0" encoding="UTF-8"?>
<!-- Generated by org.testng.reporters.JUnitXMLReporter -->
<testsuite ignored="0" hostname="DESKTOP-DR8GQ8G" failures="0" tests="5" name="Default test" time="44.606" errors="0" timestamp="2024-02-21T15:56:15 IST">
  <testcase classname="basics.Practice2" name="iphone632gb" time="8.73"/>
  <testcase classname="basics.Practice2" name="nexux6" time="7.72"/>
  <testcase classname="basics.Practice2" name="nokialumia1520" time="8.769"/>
  <testcase classname="basics.Practice2" name="samsungGalS6" time="7.874"/>
  <testcase classname="basics.Practice2" name="samsunggal7" time="11.403"/>
</testsuite> <!-- Default test -->
